<?xml version="1.0" encoding="UTF-8"?>
<testng-results skipped="0" failed="0" ignored="0" total="1" passed="1">
  <reporter-output>
  </reporter-output>
  <suite name="Suite" duration-ms="47772" started-at="2020-01-23T13:53:55 COT" finished-at="2020-01-23T13:54:43 COT">
    <groups>
    </groups>
    <test name="Test" duration-ms="47772" started-at="2020-01-23T13:53:55 COT" finished-at="2020-01-23T13:54:43 COT">
      <class name="Test.PlayOffTest">
        <test-method status="PASS" signature="beforeTest(java.lang.String)[pri:0, instance:Test.PlayOffTest@1f36e637]" name="beforeTest" is-config="true" duration-ms="34869" started-at="2020-01-23T13:53:55 COT" finished-at="2020-01-23T13:54:30 COT">
          <params>
            <param index="0">
              <value>
                <![CDATA[chrome]]>
              </value>
            </param>
          </params>
          <reporter-output>
          </reporter-output>
        </test-method> <!-- beforeTest -->
        <test-method status="PASS" signature="test1()[pri:0, instance:Test.PlayOffTest@1f36e637]" name="test1" duration-ms="11822" started-at="2020-01-23T13:54:30 COT" finished-at="2020-01-23T13:54:42 COT">
          <reporter-output>
          </reporter-output>
        </test-method> <!-- test1 -->
        <test-method status="PASS" signature="afterMethod()[pri:0, instance:Test.PlayOffTest@1f36e637]" name="afterMethod" is-config="true" duration-ms="1037" started-at="2020-01-23T13:54:42 COT" finished-at="2020-01-23T13:54:43 COT">
          <reporter-output>
          </reporter-output>
        </test-method> <!-- afterMethod -->
      </class> <!-- Test.PlayOffTest -->
    </test> <!-- Test -->
  </suite> <!-- Suite -->
</testng-results>
